2019-12-30 23:47:17,934 Starting new HTTP connection (1): sou.zhaopin.com:80
2019-12-30 23:47:17,961 http://sou.zhaopin.com:80 "GET /jobs/searchresult.ashx?jl=%E5%8C%97%E4%BA%AC&kw=%E6%95%B0%E6%8D%AE%E5%88%86%E6%9E%90 HTTP/1.1" 301 278
2019-12-30 23:47:17,963 Starting new HTTPS connection (1): sou.zhaopin.com:443
2019-12-30 23:47:18,109 https://sou.zhaopin.com:443 "GET /jobs/searchresult.ashx?jl=%E5%8C%97%E4%BA%AC&kw=%E6%95%B0%E6%8D%AE%E5%88%86%E6%9E%90 HTTP/1.1" 200 5831
2019-12-30 23:47:18,113 Starting new HTTP connection (1): sou.zhaopin.com:80
2019-12-30 23:47:18,156 http://sou.zhaopin.com:80 "GET /jobs/searchresult.ashx?jl=%E4%B8%8A%E6%B5%B7&kw=%E6%95%B0%E6%8D%AE%E5%88%86%E6%9E%90 HTTP/1.1" 301 278
2019-12-30 23:47:18,159 Starting new HTTPS connection (1): sou.zhaopin.com:443
2019-12-30 23:47:18,305 https://sou.zhaopin.com:443 "GET /jobs/searchresult.ashx?jl=%E4%B8%8A%E6%B5%B7&kw=%E6%95%B0%E6%8D%AE%E5%88%86%E6%9E%90 HTTP/1.1" 200 5831
2019-12-30 23:47:18,309 Starting new HTTP connection (1): sou.zhaopin.com:80
2019-12-30 23:47:18,345 http://sou.zhaopin.com:80 "GET /jobs/searchresult.ashx?jl=%E5%B9%BF%E5%B7%9E&kw=%E6%95%B0%E6%8D%AE%E5%88%86%E6%9E%90 HTTP/1.1" 301 278
2019-12-30 23:47:18,347 Starting new HTTPS connection (1): sou.zhaopin.com:443
2019-12-30 23:47:18,483 https://sou.zhaopin.com:443 "GET /jobs/searchresult.ashx?jl=%E5%B9%BF%E5%B7%9E&kw=%E6%95%B0%E6%8D%AE%E5%88%86%E6%9E%90 HTTP/1.1" 200 5831
2019-12-30 23:47:18,494 Starting new HTTP connection (1): sou.zhaopin.com:80
2019-12-30 23:47:18,528 http://sou.zhaopin.com:80 "GET /jobs/searchresult.ashx?jl=%E6%B7%B1%E5%9C%B3&kw=%E6%95%B0%E6%8D%AE%E5%88%86%E6%9E%90 HTTP/1.1" 301 278
2019-12-30 23:47:18,531 Starting new HTTPS connection (1): sou.zhaopin.com:443
2019-12-30 23:47:18,675 https://sou.zhaopin.com:443 "GET /jobs/searchresult.ashx?jl=%E6%B7%B1%E5%9C%B3&kw=%E6%95%B0%E6%8D%AE%E5%88%86%E6%9E%90 HTTP/1.1" 200 5831
2019-12-30 23:47:18,678 Starting new HTTP connection (1): sou.zhaopin.com:80
2019-12-30 23:47:18,717 http://sou.zhaopin.com:80 "GET /jobs/searchresult.ashx?jl=%E5%A4%A9%E6%B4%A5&kw=%E6%95%B0%E6%8D%AE%E5%88%86%E6%9E%90 HTTP/1.1" 301 278
2019-12-30 23:47:18,719 Starting new HTTPS connection (1): sou.zhaopin.com:443
2019-12-30 23:47:18,856 https://sou.zhaopin.com:443 "GET /jobs/searchresult.ashx?jl=%E5%A4%A9%E6%B4%A5&kw=%E6%95%B0%E6%8D%AE%E5%88%86%E6%9E%90 HTTP/1.1" 200 5831
2019-12-30 23:47:18,863 Starting new HTTP connection (1): sou.zhaopin.com:80
2019-12-30 23:47:18,901 http://sou.zhaopin.com:80 "GET /jobs/searchresult.ashx?jl=%E6%AD%A6%E6%B1%89&kw=%E6%95%B0%E6%8D%AE%E5%88%86%E6%9E%90 HTTP/1.1" 301 278
2019-12-30 23:47:18,903 Starting new HTTPS connection (1): sou.zhaopin.com:443
2019-12-30 23:47:19,046 https://sou.zhaopin.com:443 "GET /jobs/searchresult.ashx?jl=%E6%AD%A6%E6%B1%89&kw=%E6%95%B0%E6%8D%AE%E5%88%86%E6%9E%90 HTTP/1.1" 200 5832
2019-12-30 23:47:19,050 Starting new HTTP connection (1): sou.zhaopin.com:80
2019-12-30 23:47:19,089 http://sou.zhaopin.com:80 "GET /jobs/searchresult.ashx?jl=%E8%A5%BF%E5%AE%89&kw=%E6%95%B0%E6%8D%AE%E5%88%86%E6%9E%90 HTTP/1.1" 301 278
2019-12-30 23:47:19,090 Starting new HTTPS connection (1): sou.zhaopin.com:443
2019-12-30 23:47:19,240 https://sou.zhaopin.com:443 "GET /jobs/searchresult.ashx?jl=%E8%A5%BF%E5%AE%89&kw=%E6%95%B0%E6%8D%AE%E5%88%86%E6%9E%90 HTTP/1.1" 200 5832
2019-12-30 23:47:19,247 Starting new HTTP connection (1): sou.zhaopin.com:80
2019-12-30 23:47:19,286 http://sou.zhaopin.com:80 "GET /jobs/searchresult.ashx?jl=%E6%88%90%E9%83%BD&kw=%E6%95%B0%E6%8D%AE%E5%88%86%E6%9E%90 HTTP/1.1" 301 278
2019-12-30 23:47:19,288 Starting new HTTPS connection (1): sou.zhaopin.com:443
2019-12-30 23:47:19,444 https://sou.zhaopin.com:443 "GET /jobs/searchresult.ashx?jl=%E6%88%90%E9%83%BD&kw=%E6%95%B0%E6%8D%AE%E5%88%86%E6%9E%90 HTTP/1.1" 200 5832
2019-12-30 23:47:19,449 Starting new HTTP connection (1): sou.zhaopin.com:80
2019-12-30 23:47:19,490 http://sou.zhaopin.com:80 "GET /jobs/searchresult.ashx?jl=%E5%A4%A7%E8%BF%9E&kw=%E6%95%B0%E6%8D%AE%E5%88%86%E6%9E%90 HTTP/1.1" 301 278
2019-12-30 23:47:19,493 Starting new HTTPS connection (1): sou.zhaopin.com:443
2019-12-30 23:47:19,641 https://sou.zhaopin.com:443 "GET /jobs/searchresult.ashx?jl=%E5%A4%A7%E8%BF%9E&kw=%E6%95%B0%E6%8D%AE%E5%88%86%E6%9E%90 HTTP/1.1" 200 5832
2019-12-30 23:47:19,645 Starting new HTTP connection (1): sou.zhaopin.com:80
2019-12-30 23:47:19,690 http://sou.zhaopin.com:80 "GET /jobs/searchresult.ashx?jl=%E9%95%BF%E6%98%A5&kw=%E6%95%B0%E6%8D%AE%E5%88%86%E6%9E%90 HTTP/1.1" 301 278
2019-12-30 23:47:19,693 Starting new HTTPS connection (1): sou.zhaopin.com:443
2019-12-30 23:47:19,829 https://sou.zhaopin.com:443 "GET /jobs/searchresult.ashx?jl=%E9%95%BF%E6%98%A5&kw=%E6%95%B0%E6%8D%AE%E5%88%86%E6%9E%90 HTTP/1.1" 200 5832
2019-12-30 23:47:19,832 Starting new HTTP connection (1): sou.zhaopin.com:80
2019-12-30 23:47:19,876 http://sou.zhaopin.com:80 "GET /jobs/searchresult.ashx?jl=%E6%B2%88%E9%98%B3&kw=%E6%95%B0%E6%8D%AE%E5%88%86%E6%9E%90 HTTP/1.1" 301 278
2019-12-30 23:47:19,878 Starting new HTTPS connection (1): sou.zhaopin.com:443
2019-12-30 23:47:20,025 https://sou.zhaopin.com:443 "GET /jobs/searchresult.ashx?jl=%E6%B2%88%E9%98%B3&kw=%E6%95%B0%E6%8D%AE%E5%88%86%E6%9E%90 HTTP/1.1" 200 5832
2019-12-30 23:47:20,028 Starting new HTTP connection (1): sou.zhaopin.com:80
2019-12-30 23:47:20,062 http://sou.zhaopin.com:80 "GET /jobs/searchresult.ashx?jl=%E5%8D%97%E4%BA%AC&kw=%E6%95%B0%E6%8D%AE%E5%88%86%E6%9E%90 HTTP/1.1" 301 278
2019-12-30 23:47:20,064 Starting new HTTPS connection (1): sou.zhaopin.com:443
2019-12-30 23:47:20,228 https://sou.zhaopin.com:443 "GET /jobs/searchresult.ashx?jl=%E5%8D%97%E4%BA%AC&kw=%E6%95%B0%E6%8D%AE%E5%88%86%E6%9E%90 HTTP/1.1" 200 5832
2019-12-30 23:47:20,232 Starting new HTTP connection (1): sou.zhaopin.com:80
2019-12-30 23:47:20,269 http://sou.zhaopin.com:80 "GET /jobs/searchresult.ashx?jl=%E6%B5%8E%E5%8D%97&kw=%E6%95%B0%E6%8D%AE%E5%88%86%E6%9E%90 HTTP/1.1" 301 278
2019-12-30 23:47:20,271 Starting new HTTPS connection (1): sou.zhaopin.com:443
2019-12-30 23:47:20,409 https://sou.zhaopin.com:443 "GET /jobs/searchresult.ashx?jl=%E6%B5%8E%E5%8D%97&kw=%E6%95%B0%E6%8D%AE%E5%88%86%E6%9E%90 HTTP/1.1" 200 5832
2019-12-30 23:47:20,413 Starting new HTTP connection (1): sou.zhaopin.com:80
2019-12-30 23:47:20,447 http://sou.zhaopin.com:80 "GET /jobs/searchresult.ashx?jl=%E9%9D%92%E5%B2%9B&kw=%E6%95%B0%E6%8D%AE%E5%88%86%E6%9E%90 HTTP/1.1" 301 278
2019-12-30 23:47:20,449 Starting new HTTPS connection (1): sou.zhaopin.com:443
2019-12-30 23:47:20,728 https://sou.zhaopin.com:443 "GET /jobs/searchresult.ashx?jl=%E9%9D%92%E5%B2%9B&kw=%E6%95%B0%E6%8D%AE%E5%88%86%E6%9E%90 HTTP/1.1" 200 5832
2019-12-30 23:47:20,732 Starting new HTTP connection (1): sou.zhaopin.com:80
2019-12-30 23:47:20,762 http://sou.zhaopin.com:80 "GET /jobs/searchresult.ashx?jl=%E6%9D%AD%E5%B7%9E&kw=%E6%95%B0%E6%8D%AE%E5%88%86%E6%9E%90 HTTP/1.1" 301 278
2019-12-30 23:47:20,764 Starting new HTTPS connection (1): sou.zhaopin.com:443
2019-12-30 23:47:20,886 https://sou.zhaopin.com:443 "GET /jobs/searchresult.ashx?jl=%E6%9D%AD%E5%B7%9E&kw=%E6%95%B0%E6%8D%AE%E5%88%86%E6%9E%90 HTTP/1.1" 200 5832
2019-12-30 23:47:20,890 Starting new HTTP connection (1): sou.zhaopin.com:80
2019-12-30 23:47:20,925 http://sou.zhaopin.com:80 "GET /jobs/searchresult.ashx?jl=%E8%8B%8F%E5%B7%9E&kw=%E6%95%B0%E6%8D%AE%E5%88%86%E6%9E%90 HTTP/1.1" 301 278
2019-12-30 23:47:20,929 Starting new HTTPS connection (1): sou.zhaopin.com:443
2019-12-30 23:47:21,094 https://sou.zhaopin.com:443 "GET /jobs/searchresult.ashx?jl=%E8%8B%8F%E5%B7%9E&kw=%E6%95%B0%E6%8D%AE%E5%88%86%E6%9E%90 HTTP/1.1" 200 5836
2019-12-30 23:47:21,098 Starting new HTTP connection (1): sou.zhaopin.com:80
2019-12-30 23:47:21,135 http://sou.zhaopin.com:80 "GET /jobs/searchresult.ashx?jl=%E6%97%A0%E9%94%A1&kw=%E6%95%B0%E6%8D%AE%E5%88%86%E6%9E%90 HTTP/1.1" 301 278
2019-12-30 23:47:21,136 Starting new HTTPS connection (1): sou.zhaopin.com:443
2019-12-30 23:47:21,297 https://sou.zhaopin.com:443 "GET /jobs/searchresult.ashx?jl=%E6%97%A0%E9%94%A1&kw=%E6%95%B0%E6%8D%AE%E5%88%86%E6%9E%90 HTTP/1.1" 200 5836
2019-12-30 23:47:21,301 Starting new HTTP connection (1): sou.zhaopin.com:80
2019-12-30 23:47:21,349 http://sou.zhaopin.com:80 "GET /jobs/searchresult.ashx?jl=%E5%AE%81%E6%B3%A2&kw=%E6%95%B0%E6%8D%AE%E5%88%86%E6%9E%90 HTTP/1.1" 301 278
2019-12-30 23:47:21,351 Starting new HTTPS connection (1): sou.zhaopin.com:443
2019-12-30 23:47:21,615 https://sou.zhaopin.com:443 "GET /jobs/searchresult.ashx?jl=%E5%AE%81%E6%B3%A2&kw=%E6%95%B0%E6%8D%AE%E5%88%86%E6%9E%90 HTTP/1.1" 200 5836
2019-12-30 23:47:21,619 Starting new HTTP connection (1): sou.zhaopin.com:80
2019-12-30 23:47:21,654 http://sou.zhaopin.com:80 "GET /jobs/searchresult.ashx?jl=%E9%87%8D%E5%BA%86&kw=%E6%95%B0%E6%8D%AE%E5%88%86%E6%9E%90 HTTP/1.1" 301 278
2019-12-30 23:47:21,656 Starting new HTTPS connection (1): sou.zhaopin.com:443
2019-12-30 23:47:21,791 https://sou.zhaopin.com:443 "GET /jobs/searchresult.ashx?jl=%E9%87%8D%E5%BA%86&kw=%E6%95%B0%E6%8D%AE%E5%88%86%E6%9E%90 HTTP/1.1" 200 5836
2019-12-30 23:47:21,795 Starting new HTTP connection (1): sou.zhaopin.com:80
2019-12-30 23:47:21,823 http://sou.zhaopin.com:80 "GET /jobs/searchresult.ashx?jl=%E9%83%91%E5%B7%9E&kw=%E6%95%B0%E6%8D%AE%E5%88%86%E6%9E%90 HTTP/1.1" 301 278
2019-12-30 23:47:21,825 Starting new HTTPS connection (1): sou.zhaopin.com:443
2019-12-30 23:47:22,088 https://sou.zhaopin.com:443 "GET /jobs/searchresult.ashx?jl=%E9%83%91%E5%B7%9E&kw=%E6%95%B0%E6%8D%AE%E5%88%86%E6%9E%90 HTTP/1.1" 200 5833
2019-12-30 23:47:22,095 Starting new HTTP connection (1): sou.zhaopin.com:80
2019-12-30 23:47:22,136 http://sou.zhaopin.com:80 "GET /jobs/searchresult.ashx?jl=%E9%95%BF%E6%B2%99&kw=%E6%95%B0%E6%8D%AE%E5%88%86%E6%9E%90 HTTP/1.1" 301 278
2019-12-30 23:47:22,137 Starting new HTTPS connection (1): sou.zhaopin.com:443
2019-12-30 23:47:22,277 https://sou.zhaopin.com:443 "GET /jobs/searchresult.ashx?jl=%E9%95%BF%E6%B2%99&kw=%E6%95%B0%E6%8D%AE%E5%88%86%E6%9E%90 HTTP/1.1" 200 5833
2019-12-30 23:47:22,282 Starting new HTTP connection (1): sou.zhaopin.com:80
2019-12-30 23:47:22,317 http://sou.zhaopin.com:80 "GET /jobs/searchresult.ashx?jl=%E7%A6%8F%E5%B7%9E&kw=%E6%95%B0%E6%8D%AE%E5%88%86%E6%9E%90 HTTP/1.1" 301 278
2019-12-30 23:47:22,319 Starting new HTTPS connection (1): sou.zhaopin.com:443
2019-12-30 23:47:22,449 https://sou.zhaopin.com:443 "GET /jobs/searchresult.ashx?jl=%E7%A6%8F%E5%B7%9E&kw=%E6%95%B0%E6%8D%AE%E5%88%86%E6%9E%90 HTTP/1.1" 200 5833
2019-12-30 23:47:22,458 Starting new HTTP connection (1): sou.zhaopin.com:80
2019-12-30 23:47:22,497 http://sou.zhaopin.com:80 "GET /jobs/searchresult.ashx?jl=%E5%8E%A6%E9%97%A8&kw=%E6%95%B0%E6%8D%AE%E5%88%86%E6%9E%90 HTTP/1.1" 301 278
2019-12-30 23:47:22,498 Starting new HTTPS connection (1): sou.zhaopin.com:443
2019-12-30 23:47:22,695 https://sou.zhaopin.com:443 "GET /jobs/searchresult.ashx?jl=%E5%8E%A6%E9%97%A8&kw=%E6%95%B0%E6%8D%AE%E5%88%86%E6%9E%90 HTTP/1.1" 200 5833
2019-12-30 23:47:22,699 Starting new HTTP connection (1): sou.zhaopin.com:80
2019-12-30 23:47:22,726 http://sou.zhaopin.com:80 "GET /jobs/searchresult.ashx?jl=%E5%93%88%E5%B0%94%E6%BB%A8&kw=%E6%95%B0%E6%8D%AE%E5%88%86%E6%9E%90 HTTP/1.1" 301 278
2019-12-30 23:47:22,728 Starting new HTTPS connection (1): sou.zhaopin.com:443
2019-12-30 23:47:22,859 https://sou.zhaopin.com:443 "GET /jobs/searchresult.ashx?jl=%E5%93%88%E5%B0%94%E6%BB%A8&kw=%E6%95%B0%E6%8D%AE%E5%88%86%E6%9E%90 HTTP/1.1" 200 5833
2019-12-30 23:47:22,863 Starting new HTTP connection (1): sou.zhaopin.com:80
2019-12-30 23:47:22,897 http://sou.zhaopin.com:80 "GET /jobs/searchresult.ashx?jl=%E7%9F%B3%E5%AE%B6%E5%BA%84&kw=%E6%95%B0%E6%8D%AE%E5%88%86%E6%9E%90 HTTP/1.1" 301 278
2019-12-30 23:47:22,898 Starting new HTTPS connection (1): sou.zhaopin.com:443
2019-12-30 23:47:23,032 https://sou.zhaopin.com:443 "GET /jobs/searchresult.ashx?jl=%E7%9F%B3%E5%AE%B6%E5%BA%84&kw=%E6%95%B0%E6%8D%AE%E5%88%86%E6%9E%90 HTTP/1.1" 200 5831
2019-12-30 23:47:23,036 Starting new HTTP connection (1): sou.zhaopin.com:80
2019-12-30 23:47:23,063 http://sou.zhaopin.com:80 "GET /jobs/searchresult.ashx?jl=%E5%90%88%E8%82%A5&kw=%E6%95%B0%E6%8D%AE%E5%88%86%E6%9E%90 HTTP/1.1" 301 278
2019-12-30 23:47:23,065 Starting new HTTPS connection (1): sou.zhaopin.com:443
2019-12-30 23:47:23,197 https://sou.zhaopin.com:443 "GET /jobs/searchresult.ashx?jl=%E5%90%88%E8%82%A5&kw=%E6%95%B0%E6%8D%AE%E5%88%86%E6%9E%90 HTTP/1.1" 200 5831
2019-12-30 23:47:23,208 Starting new HTTP connection (1): sou.zhaopin.com:80
2019-12-30 23:47:23,244 http://sou.zhaopin.com:80 "GET /jobs/searchresult.ashx?jl=%E6%83%A0%E5%B7%9E&kw=%E6%95%B0%E6%8D%AE%E5%88%86%E6%9E%90 HTTP/1.1" 301 278
2019-12-30 23:47:23,245 Starting new HTTPS connection (1): sou.zhaopin.com:443
2019-12-30 23:47:23,375 https://sou.zhaopin.com:443 "GET /jobs/searchresult.ashx?jl=%E6%83%A0%E5%B7%9E&kw=%E6%95%B0%E6%8D%AE%E5%88%86%E6%9E%90 HTTP/1.1" 200 5831
2019-12-30 23:47:23,388 Starting new HTTP connection (1): sou.zhaopin.com:80
2019-12-30 23:47:23,849 http://sou.zhaopin.com:80 "GET /jobs/searchresult.ashx?jl=%E5%8C%97%E4%BA%AC&kw=php HTTP/1.1" 301 278
2019-12-30 23:47:23,851 Starting new HTTPS connection (1): sou.zhaopin.com:443
2019-12-30 23:47:23,994 https://sou.zhaopin.com:443 "GET /jobs/searchresult.ashx?jl=%E5%8C%97%E4%BA%AC&kw=php HTTP/1.1" 200 5832
2019-12-30 23:47:23,998 Starting new HTTP connection (1): sou.zhaopin.com:80
2019-12-30 23:47:24,034 http://sou.zhaopin.com:80 "GET /jobs/searchresult.ashx?jl=%E4%B8%8A%E6%B5%B7&kw=php HTTP/1.1" 301 278
2019-12-30 23:47:24,035 Starting new HTTPS connection (1): sou.zhaopin.com:443
2019-12-30 23:47:24,179 https://sou.zhaopin.com:443 "GET /jobs/searchresult.ashx?jl=%E4%B8%8A%E6%B5%B7&kw=php HTTP/1.1" 200 5832
2019-12-30 23:47:24,194 Starting new HTTP connection (1): sou.zhaopin.com:80
2019-12-30 23:47:24,233 http://sou.zhaopin.com:80 "GET /jobs/searchresult.ashx?jl=%E5%B9%BF%E5%B7%9E&kw=php HTTP/1.1" 301 278
2019-12-30 23:47:24,235 Starting new HTTPS connection (1): sou.zhaopin.com:443
2019-12-30 23:47:24,372 https://sou.zhaopin.com:443 "GET /jobs/searchresult.ashx?jl=%E5%B9%BF%E5%B7%9E&kw=php HTTP/1.1" 200 5832
2019-12-30 23:47:24,378 Starting new HTTP connection (1): sou.zhaopin.com:80
2019-12-30 23:47:24,441 http://sou.zhaopin.com:80 "GET /jobs/searchresult.ashx?jl=%E6%B7%B1%E5%9C%B3&kw=php HTTP/1.1" 301 278
2019-12-30 23:47:24,444 Starting new HTTPS connection (1): sou.zhaopin.com:443
